[debug] [2019-11-30T16:00:37.055Z] ----------------------------------------------------------------------
[debug] [2019-11-30T16:00:37.056Z] Command:       /usr/local/bin/node /usr/local/bin/firebase deploy --only functions
[debug] [2019-11-30T16:00:37.057Z] CLI Version:   7.0.1
[debug] [2019-11-30T16:00:37.057Z] Platform:      darwin
[debug] [2019-11-30T16:00:37.057Z] Node Version:  v10.16.0
[debug] [2019-11-30T16:00:37.057Z] Time:          Sat Nov 30 2019 17:00:37 GMT+0100 (Central European Standard Time)
[debug] [2019-11-30T16:00:37.057Z] ----------------------------------------------------------------------
[debug] 
[debug] [2019-11-30T16:00:37.068Z] > command requires scopes: ["email","openid","https://www.googleapis.com/auth/cloudplatformprojects.readonly","https://www.googleapis.com/auth/firebase","https://www.googleapis.com/auth/cloud-platform"]
[debug] [2019-11-30T16:00:37.068Z] > authorizing via signed-in user
[debug] [2019-11-30T16:00:37.068Z] [iam] checking project kirary-fad13 for permissions ["cloudfunctions.functions.create","cloudfunctions.functions.delete","cloudfunctions.functions.get","cloudfunctions.functions.list","cloudfunctions.functions.update","cloudfunctions.operations.get","firebase.projects.get"]
[debug] [2019-11-30T16:00:37.070Z] >>> HTTP REQUEST POST https://cloudresourcemanager.googleapis.com/v1/projects/kirary-fad13:testIamPermissions  

[debug] [2019-11-30T16:00:38.014Z] <<< HTTP RESPONSE 200
[info] 
[info] === Deploying to 'kirary-fad13'...
[info] 
[info] i  deploying functions
[info] Running command: npm --prefix "$RESOURCE_DIR" run lint
[info] ✔  functions: Finished running predeploy script.
[debug] [2019-11-30T16:00:40.706Z] > [functions] package.json contents: {
  "name": "functions",
  "description": "Cloud Functions for Firebase",
  "scripts": {
    "lint": "eslint .",
    "serve": "firebase serve --only functions",
    "shell": "firebase functions:shell",
    "start": "npm run shell",
    "deploy": "firebase deploy --only functions",
    "logs": "firebase functions:log"
  },
  "engines": {
    "node": "8"
  },
  "dependencies": {
    "firebase-admin": "^8.0.0",
    "firebase-functions": "^3.0.0"
  },
  "devDependencies": {
    "eslint": "^5.12.0",
    "eslint-plugin-promise": "^4.0.1",
    "firebase-functions-test": "^0.1.6"
  },
  "private": true
}
[info] i  functions: ensuring necessary APIs are enabled...
[debug] [2019-11-30T16:00:40.707Z] >>> HTTP REQUEST GET https://servicemanagement.googleapis.com/v1/services/cloudfunctions.googleapis.com/projectSettings/kirary-fad13?view=CONSUMER_VIEW  
 
[debug] [2019-11-30T16:00:40.708Z] >>> HTTP REQUEST GET https://servicemanagement.googleapis.com/v1/services/runtimeconfig.googleapis.com/projectSettings/kirary-fad13?view=CONSUMER_VIEW  
 
[debug] [2019-11-30T16:00:42.438Z] <<< HTTP RESPONSE 200
[debug] [2019-11-30T16:00:42.458Z] <<< HTTP RESPONSE 200
[info] ✔  functions: all necessary APIs are enabled
[debug] [2019-11-30T16:00:42.459Z] >>> HTTP REQUEST GET https://cloudresourcemanager.googleapis.com/v1/projects/kirary-fad13  
 
[debug] [2019-11-30T16:00:43.388Z] <<< HTTP RESPONSE 200
[debug] [2019-11-30T16:00:43.389Z] >>> HTTP REQUEST GET https://mobilesdk-pa.googleapis.com/v1/projects/392034894913:getServerAppConfig  
 
[debug] [2019-11-30T16:00:43.931Z] <<< HTTP RESPONSE 200
[info] i  functions: preparing functions directory for uploading...
[debug] [2019-11-30T16:00:43.935Z] >>> HTTP REQUEST GET https://runtimeconfig.googleapis.com/v1beta1/projects/kirary-fad13/configs  
 
[debug] [2019-11-30T16:00:44.185Z] <<< HTTP RESPONSE 200
[info] i  functions: packaged functions (36.83 KB) for uploading
[debug] [2019-11-30T16:00:44.357Z] >>> HTTP REQUEST POST https://cloudfunctions.googleapis.com/v1/projects/kirary-fad13/locations/us-central1/functions:generateUploadUrl  
 
[debug] [2019-11-30T16:00:45.150Z] <<< HTTP RESPONSE 200
[debug] [2019-11-30T16:00:45.152Z] >>> HTTP REQUEST PUT https://storage.googleapis.com/gcf-upload-us-central1-df6ee252-0307-4159-a8a6-23dced0ddce5/f4283c38-a58c-4491-9662-8ef750773b14.zip?GoogleAccessId=service-392034894913@gcf-admin-robot.iam.gserviceaccount.com&Expires=1575131444&Signature=ilLqyx84A%2FcpXmC2zwiU6QeZ%2Fga80QBcnb9TrwBqB3ImEJNRtGkvhwiEsHD9Ixj%2F%2BIIrh7H9%2BCOMi3WJKOG1LtjV%2FReuuYX3liV36uKcEnW9ZqZkXfMUUaOKcXgow%2BiQx8NTAp0ryzHBIyznVkM6eEqlyVO3gBGLsZZ11%2BwXT1woHgGGaMpMBZGdtLcowbAsjCvdqCAsm5fL97vPiZQJO8hvoOOt0xxWY5rvElKmKGV%2Bc4JMlrSsRpRczbSl0I%2BsK8oxmZpzBuwO5g3%2FrvN3fMh9yZhakz2u2MvqPEqJODV%2FIahO4C8ZjgIHlbnS3ef8IFlpuoWCKXhVWjwgDE75XA%3D%3D  

[debug] [2019-11-30T16:00:45.776Z] <<< HTTP RESPONSE 200
[info] ✔  functions: functions folder uploaded successfully
[debug] [2019-11-30T16:00:45.778Z] >>> HTTP REQUEST GET https://cloudfunctions.googleapis.com/v1/projects/kirary-fad13/locations/-/functions  
 
[debug] [2019-11-30T16:00:46.393Z] <<< HTTP RESPONSE 200
[info] i  functions: updating Node.js 8 function waterPlant(us-central1)...
[debug] [2019-11-30T16:00:46.396Z] Trigger is:  {"eventTrigger":{"resource":"projects/_/instances/kirary-fad13/refs/devide/{deviceID}","eventType":"providers/google.firebase.database/eventTypes/ref.update","service":"firebaseio.com"}}
[info] 
The following functions are found in your project but do not exist in your local source code:
	logCleaning(us-central1)

If you are renaming a function or changing its region, it is recommended that you create the new function first before deleting the old one to prevent event loss. For more info, visit https://firebase.google.com/docs/functions/manage-functions#modify

